Using pre-set license
Built from '2021.3/staging' branch; Version is '2021.3.8f1 (b30333d56e81) revision 11731763'; Using compiler version '192829333'; Build Type 'Release'
OS: 'Windows 11  (10.0.22000) 64bit Professional' Language: 'en' Physical Memory: 16219 MB
BatchMode: 1, IsHumanControllingUs: 0, StartBugReporterOnCrash: 0, Is64bit: 1, IsPro: 1

COMMAND LINE ARGUMENTS:
C:\Program Files\Unity\Hub\Editor\2021.3.8f1\Editor\Unity.exe
-adb2
-batchMode
-noUpm
-name
AssetImportWorker0
-projectPath
D:/VR/Project3Vr
-logFile
Logs/AssetImportWorker0.log
-srvPort
54258
Successfully changed project path to: D:/VR/Project3Vr
D:/VR/Project3Vr
[UnityMemory] Configuration Parameters - Can be set up in boot.config
    "memorysetup-bucket-allocator-granularity=16"
    "memorysetup-bucket-allocator-bucket-count=8"
    "memorysetup-bucket-allocator-block-size=33554432"
    "memorysetup-bucket-allocator-block-count=8"
    "memorysetup-main-allocator-block-size=16777216"
    "memorysetup-thread-allocator-block-size=16777216"
    "memorysetup-gfx-main-allocator-block-size=16777216"
    "memorysetup-gfx-thread-allocator-block-size=16777216"
    "memorysetup-cache-allocator-block-size=4194304"
    "memorysetup-typetree-allocator-block-size=2097152"
    "memorysetup-profiler-bucket-allocator-granularity=16"
    "memorysetup-profiler-bucket-allocator-bucket-count=8"
    "memorysetup-profiler-bucket-allocator-block-size=33554432"
    "memorysetup-profiler-bucket-allocator-block-count=8"
    "memorysetup-profiler-allocator-block-size=16777216"
    "memorysetup-profiler-editor-allocator-block-size=1048576"
    "memorysetup-temp-allocator-size-main=16777216"
    "memorysetup-job-temp-allocator-block-size=2097152"
    "memorysetup-job-temp-allocator-block-size-background=1048576"
    "memorysetup-job-temp-allocator-reduction-small-platforms=262144"
    "memorysetup-temp-allocator-size-background-worker=32768"
    "memorysetup-temp-allocator-size-job-worker=262144"
    "memorysetup-temp-allocator-size-preload-manager=33554432"
    "memorysetup-temp-allocator-size-nav-mesh-worker=65536"
    "memorysetup-temp-allocator-size-audio-worker=65536"
    "memorysetup-temp-allocator-size-cloud-worker=32768"
    "memorysetup-temp-allocator-size-gi-baking-worker=262144"
    "memorysetup-temp-allocator-size-gfx=262144"
Refreshing native plugins compatible for Editor in 77.68 ms, found 11 plugins.
Preloading 1 native plugins for Editor in 0.87 ms.
Initialize engine version: 2021.3.8f1 (b30333d56e81)
[Subsystems] Discovering subsystems at path C:/Program Files/Unity/Hub/Editor/2021.3.8f1/Editor/Data/Resources/UnitySubsystems
[Subsystems] Discovering subsystems at path D:/VR/Project3Vr/Assets
GfxDevice: creating device client; threaded=0; jobified=0
Direct3D:
    Version:  Direct3D 11.0 [level 11.1]
    Renderer: NVIDIA GeForce RTX 3050 Laptop GPU (ID=0x25e2)
    Vendor:   NVIDIA
    VRAM:     3991 MB
    Driver:   30.0.15.1236
Initialize mono
Mono path[0] = 'C:/Program Files/Unity/Hub/Editor/2021.3.8f1/Editor/Data/Managed'
Mono path[1] = 'C:/Program Files/Unity/Hub/Editor/2021.3.8f1/Editor/Data/MonoBleedingEdge/lib/mono/unityjit-win32'
Mono config path = 'C:/Program Files/Unity/Hub/Editor/2021.3.8f1/Editor/Data/MonoBleedingEdge/etc'
Using monoOptions --debugger-agent=transport=dt_socket,embedding=1,server=y,suspend=n,address=127.0.0.1:56300
Begin MonoManager ReloadAssembly
Registering precompiled unity dll's ...
Register platform support module: C:/Program Files/Unity/Hub/Editor/2021.3.8f1/Editor/Data/PlaybackEngines/WebGLSupport/UnityEditor.WebGL.Extensions.dll
Register platform support module: C:/Program Files/Unity/Hub/Editor/2021.3.8f1/Editor/Data/PlaybackEngines/WindowsStandaloneSupport/UnityEditor.WindowsStandalone.Extensions.dll
Registered in 0.003644 seconds.
Native extension for WindowsStandalone target not found
Native extension for WebGL target not found
Refreshing native plugins compatible for Editor in 89.87 ms, found 11 plugins.
Preloading 1 native plugins for Editor in 0.05 ms.
Mono: successfully reloaded assembly
- Completed reload, in  0.569 seconds
Domain Reload Profiling:
	ReloadAssembly (570ms)
		BeginReloadAssembly (57ms)
			ExecutionOrderSort (0ms)
			DisableScriptedObjects (0ms)
			BackupInstance (0ms)
			ReleaseScriptingObjects (0ms)
			CreateAndSetChildDomain (1ms)
		EndReloadAssembly (415ms)
			LoadAssemblies (56ms)
			RebuildTransferFunctionScriptingTraits (0ms)
			SetupTypeCache (104ms)
			ReleaseScriptCaches (0ms)
			RebuildScriptCaches (25ms)
			SetupLoadedEditorAssemblies (235ms)
				LogAssemblyErrors (0ms)
				InitializePlatformSupportModulesInManaged (7ms)
				SetLoadedEditorAssemblies (0ms)
				RefreshPlugins (90ms)
				BeforeProcessingInitializeOnLoad (1ms)
				ProcessInitializeOnLoadAttributes (101ms)
				ProcessInitializeOnLoadMethodAttributes (36ms)
				AfterProcessingInitializeOnLoad (0ms)
				EditorAssembliesLoaded (0ms)
			ExecutionOrderSort2 (0ms)
			AwakeInstancesAfterBackupRestoration (0ms)
Platform modules already initialized, skipping
Registering precompiled user dll's ...
Registered in 0.004243 seconds.
Begin MonoManager ReloadAssembly
Symbol file LoadedFromMemory doesn't match image D:\VR\Project3Vr\Library\PackageCache\com.unity.visualscripting@1.7.8\Editor\VisualScripting.Core\Dependencies\DotNetZip\Unity.VisualScripting.IonicZip.dll
Symbol file LoadedFromMemory doesn't match image D:\VR\Project3Vr\Library\PackageCache\com.unity.visualscripting@1.7.8\Editor\VisualScripting.Core\Dependencies\YamlDotNet\Unity.VisualScripting.YamlDotNet.dll
Native extension for WindowsStandalone target not found
Native extension for WebGL target not found
Refreshing native plugins compatible for Editor in 77.99 ms, found 11 plugins.
Preloading 1 native plugins for Editor in 0.05 ms.
Package Manager log level set to [2]
System.Reflection.TargetInvocationException: Exception has been thrown by the target of an invocation. ---> System.NullReferenceException: Object reference not set to an instance of an object
  at Unity.XR.Oculus.OculusLoader.AssetPathToAbsolutePath (System.String assetPath) [0x0003d] in D:\VR\Project3Vr\Library\PackageCache\com.unity.xr.oculus@3.0.2\Runtime\OculusLoader.cs:271 
  at Unity.XR.Oculus.OculusLoader.EditorLoadOVRPlugin () [0x0007b] in D:\VR\Project3Vr\Library\PackageCache\com.unity.xr.oculus@3.0.2\Runtime\OculusLoader.cs:256 
  at (wrapper managed-to-native) System.Reflection.RuntimeMethodInfo.InternalInvoke(System.Reflection.RuntimeMethodInfo,object,object[],System.Exception&)
  at System.Reflection.RuntimeMethodInfo.Invoke (System.Object obj, System.Reflection.BindingFlags invokeAttr, System.Reflection.Binder binder, System.Object[] parameters, System.Globalization.CultureInfo culture) [0x0006a] in <c2a97e0383e8404c9fc0ae19d58f57f1>:0 
   --- End of inner exception stack trace ---
  at System.Reflection.RuntimeMethodInfo.Invoke (System.Object obj, System.Reflection.BindingFlags invokeAttr, System.Reflection.Binder binder, System.Object[] parameters, System.Globalization.CultureInfo culture) [0x00083] in <c2a97e0383e8404c9fc0ae19d58f57f1>:0 
  at System.Reflection.MethodBase.Invoke (System.Object obj, System.Object[] parameters) [0x00000] in <c2a97e0383e8404c9fc0ae19d58f57f1>:0 
  at UnityEditor.EditorAssemblies.ProcessInitializeOnLoadMethodAttributes () [0x000a5] in <5f40cdb07bd44d76a23dad985a4ec283>:0 
UnityEngine.StackTraceUtility:ExtractStackTrace ()
UnityEngine.DebugLogHandler:LogFormat (UnityEngine.LogType,UnityEngine.Object,string,object[])
UnityEngine.Logger:Log (UnityEngine.LogType,object)
UnityEngine.Debug:LogError (object)
UnityEditor.EditorAssemblies:ProcessInitializeOnLoadMethodAttributes ()

Mono: successfully reloaded assembly
- Completed reload, in  1.054 seconds
Domain Reload Profiling:
	ReloadAssembly (1055ms)
		BeginReloadAssembly (87ms)
			ExecutionOrderSort (0ms)
			DisableScriptedObjects (4ms)
			BackupInstance (0ms)
			ReleaseScriptingObjects (0ms)
			CreateAndSetChildDomain (18ms)
		EndReloadAssembly (868ms)
			LoadAssemblies (60ms)
			RebuildTransferFunctionScriptingTraits (0ms)
			SetupTypeCache (251ms)
			ReleaseScriptCaches (1ms)
			RebuildScriptCaches (50ms)
			SetupLoadedEditorAssemblies (464ms)
				LogAssemblyErrors (0ms)
				InitializePlatformSupportModulesInManaged (4ms)
				SetLoadedEditorAssemblies (0ms)
				RefreshPlugins (78ms)
				BeforeProcessingInitializeOnLoad (79ms)
				ProcessInitializeOnLoadAttributes (266ms)
				ProcessInitializeOnLoadMethodAttributes (32ms)
				AfterProcessingInitializeOnLoad (4ms)
				EditorAssembliesLoaded (0ms)
			ExecutionOrderSort2 (0ms)
			AwakeInstancesAfterBackupRestoration (5ms)
Platform modules already initialized, skipping
========================================================================
Worker process is ready to serve import requests
Launched and connected shader compiler UnityShaderCompiler.exe after 0.04 seconds
Refreshing native plugins compatible for Editor in 1.39 ms, found 11 plugins.
Preloading 1 native plugins for Editor in 0.11 ms.
Unloading 4273 Unused Serialized files (Serialized files now loaded: 0)
Unloading 47 unused Assets / (56.8 KB). Loaded Objects now: 4719.
Memory consumption went from 151.3 MB to 151.3 MB.
Total: 3.944000 ms (FindLiveObjects: 0.373400 ms CreateObjectMapping: 0.261500 ms MarkObjects: 3.181300 ms  DeleteObjects: 0.126300 ms)

AssetImportParameters requested are different than current active one (requested -> active):
  custom:video-decoder-ogg-theora: a1e56fd34408186e4bbccfd4996cb3dc -> 
  custom:container-muxer-webm: aa71ff27fc2769a1b78a27578f13a17b -> 
  custom:container-demuxer-webm: 4f35f7cbe854078d1ac9338744f61a02 -> 
  custom:video-encoder-webm-vp8: eb34c28f22e8b96e1ab97ce403110664 -> 
  custom:audio-encoder-webm-vorbis: bf7c407c2cedff20999df2af8eb42d56 -> 
  custom:framework-win-MediaFoundation: 216162199b28c13a410421893ffa2e32 -> 
  custom:container-demuxer-ogg: 62fdf1f143b41e24485cea50d1cbac27 -> 
  custom:video-decoder-webm-vp8: 9c59270c3fd7afecdb556c50c9e8de78 -> 
  custom:audio-decoder-ogg-vorbis: bf7c407c2cedff20999df2af8eb42d56 -> 
========================================================================
Received Import Request.
  Time since last request: 566899.686198 seconds.
  path: Assets/Scenes/B1.unity
  artifactKey: Guid(dc8d803dbb18621469d85c2feededa94) Importer(815301076,1909f56bfc062723c751e8b465ee728b)
Start importing Assets/Scenes/B1.unity using Guid(dc8d803dbb18621469d85c2feededa94) Importer(815301076,1909f56bfc062723c751e8b465ee728b)  -> (artifact id: 'a058a289e3a3a86431b4fbf87b3d8abd') in 0.016681 seconds 
========================================================================
Received Import Request.
  Time since last request: 14.032421 seconds.
  path: Assets/Scenes/map1.unity
  artifactKey: Guid(4c2e9534890d724458b191e2e619bc2d) Importer(815301076,1909f56bfc062723c751e8b465ee728b)
Start importing Assets/Scenes/map1.unity using Guid(4c2e9534890d724458b191e2e619bc2d) Importer(815301076,1909f56bfc062723c751e8b465ee728b)  -> (artifact id: '215f26b9e2cab8702703642efed9a420') in 0.007832 seconds 
========================================================================
Received Import Request.
  Time since last request: 637.408148 seconds.
  path: Assets/Models/3d-model.fbx
  artifactKey: Guid(423c4de2421eaa645aa0b0ee01f5371d) Importer(815301076,1909f56bfc062723c751e8b465ee728b)
Start importing Assets/Models/3d-model.fbx using Guid(423c4de2421eaa645aa0b0ee01f5371d) Importer(815301076,1909f56bfc062723c751e8b465ee728b)  -> (artifact id: '0efc8e42ef3a1c9223eff599936dbdfe') in 1.048984 seconds 
========================================================================
Received Import Request.
  Time since last request: 0.000147 seconds.
  path: Assets/Models/GlassWindow2.fbx
  artifactKey: Guid(e37762b4905811c48a76a70abf7acb6c) Importer(815301076,1909f56bfc062723c751e8b465ee728b)
Start importing Assets/Models/GlassWindow2.fbx using Guid(e37762b4905811c48a76a70abf7acb6c) Importer(815301076,1909f56bfc062723c751e8b465ee728b)  -> (artifact id: '0135f15621b3b8c9d69f657362bac9b9') in 0.352149 seconds 
========================================================================
Received Import Request.
  Time since last request: 0.000045 seconds.
  path: Assets/Models/Left Hand Model.prefab
  artifactKey: Guid(07e2fb281c888ab4196f7e2f137bcb44) Importer(815301076,1909f56bfc062723c751e8b465ee728b)
Start importing Assets/Models/Left Hand Model.prefab using Guid(07e2fb281c888ab4196f7e2f137bcb44) Importer(815301076,1909f56bfc062723c751e8b465ee728b)  -> (artifact id: '618e2ba13220f80a0f76f90e2a73f14a') in 0.050962 seconds 
========================================================================
Received Import Request.
  Time since last request: 0.000029 seconds.
  path: Assets/Models/Brush_Low.fbx
  artifactKey: Guid(aed8c47425ab91f4eb06ce6fe47c3e4e) Importer(815301076,1909f56bfc062723c751e8b465ee728b)
Start importing Assets/Models/Brush_Low.fbx using Guid(aed8c47425ab91f4eb06ce6fe47c3e4e) Importer(815301076,1909f56bfc062723c751e8b465ee728b)  -> (artifact id: 'ca23525af6152ebce46a1366af1aef9a') in 0.023153 seconds 
========================================================================
Received Import Request.
  Time since last request: 0.000022 seconds.
  path: Assets/Models/TreeBox.fbx
  artifactKey: Guid(b44aaadd53536144da716b8e7b2fdb1b) Importer(815301076,1909f56bfc062723c751e8b465ee728b)
Start importing Assets/Models/TreeBox.fbx using Guid(b44aaadd53536144da716b8e7b2fdb1b) Importer(815301076,1909f56bfc062723c751e8b465ee728b)  -> (artifact id: '6e05bf4386760e2ab9cbf7ca36e06b11') in 0.021253 seconds 
========================================================================
Received Import Request.
  Time since last request: 0.000028 seconds.
  path: Assets/Models/PaintBucket_Low.fbx
  artifactKey: Guid(b451a052397f03c4f8a04d915d1c0492) Importer(815301076,1909f56bfc062723c751e8b465ee728b)
Start importing Assets/Models/PaintBucket_Low.fbx using Guid(b451a052397f03c4f8a04d915d1c0492) Importer(815301076,1909f56bfc062723c751e8b465ee728b)  -> (artifact id: '96d756957411c8fac3ef66b2fd42a9b1') in 0.059644 seconds 
========================================================================
Received Import Request.
  Time since last request: 0.000023 seconds.
  path: Assets/Models/floatingAnchor.fbx
  artifactKey: Guid(c3d9c381bf9aaa04288d35ed2553aa4b) Importer(815301076,1909f56bfc062723c751e8b465ee728b)
Start importing Assets/Models/floatingAnchor.fbx using Guid(c3d9c381bf9aaa04288d35ed2553aa4b) Importer(815301076,1909f56bfc062723c751e8b465ee728b)  -> (artifact id: '62256e9c8ef0e15e5729bd636da47923') in 0.032441 seconds 
========================================================================
Received Import Request.
  Time since last request: 0.000026 seconds.
  path: Assets/Models/b1.fbx
  artifactKey: Guid(dd094c4d444af7b4498c8bb32b02bf2c) Importer(815301076,1909f56bfc062723c751e8b465ee728b)
Start importing Assets/Models/b1.fbx using Guid(dd094c4d444af7b4498c8bb32b02bf2c) Importer(815301076,1909f56bfc062723c751e8b465ee728b)  -> (artifact id: '35fb74a0ccbc9d0eb9e3c633505ea533') in 0.024147 seconds 
========================================================================
Received Import Request.
  Time since last request: 0.000035 seconds.
  path: Assets/Models/DOOR RESHOTKA.fbx
  artifactKey: Guid(bdbbbac4ae21ab447a8b7142d7e3587d) Importer(815301076,1909f56bfc062723c751e8b465ee728b)
Start importing Assets/Models/DOOR RESHOTKA.fbx using Guid(bdbbbac4ae21ab447a8b7142d7e3587d) Importer(815301076,1909f56bfc062723c751e8b465ee728b)  -> (artifact id: 'e00bd6baf9624e0b1bf35f2d9a88d5ec') in 0.104709 seconds 
========================================================================
Received Import Request.
  Time since last request: 0.000023 seconds.
  path: Assets/Models/glassWindow.fbx
  artifactKey: Guid(8673fd2123193a34384bc607cf60faa0) Importer(815301076,1909f56bfc062723c751e8b465ee728b)
Start importing Assets/Models/glassWindow.fbx using Guid(8673fd2123193a34384bc607cf60faa0) Importer(815301076,1909f56bfc062723c751e8b465ee728b)  -> (artifact id: '76c9e5bc0e52fde77f83e45f5d80ba2c') in 0.068223 seconds 
========================================================================
Received Import Request.
  Time since last request: 0.000027 seconds.
  path: Assets/Models/TreeRound.FBX
  artifactKey: Guid(0a47601d8c4dffe46b9c8c9cb5a50351) Importer(815301076,1909f56bfc062723c751e8b465ee728b)
Start importing Assets/Models/TreeRound.FBX using Guid(0a47601d8c4dffe46b9c8c9cb5a50351) Importer(815301076,1909f56bfc062723c751e8b465ee728b)  -> (artifact id: 'd23b920c61b14b37b6b48f230a14a6b3') in 0.032222 seconds 
========================================================================
Received Import Request.
  Time since last request: 0.000023 seconds.
  path: Assets/Models/lowPolyIsland.fbx
  artifactKey: Guid(5d99170346720004e81354b0000c797c) Importer(815301076,1909f56bfc062723c751e8b465ee728b)
Start importing Assets/Models/lowPolyIsland.fbx using Guid(5d99170346720004e81354b0000c797c) Importer(815301076,1909f56bfc062723c751e8b465ee728b)  -> (artifact id: '73710b0c15d9ed5ae5dbeb5c8ab3f6cd') in 0.573231 seconds 
========================================================================
Received Import Request.
  Time since last request: 0.000036 seconds.
  path: Assets/Models/ConstructionLight_Low.fbx
  artifactKey: Guid(e3ae06a3979f53046aa05330d69de1fa) Importer(815301076,1909f56bfc062723c751e8b465ee728b)
Start importing Assets/Models/ConstructionLight_Low.fbx using Guid(e3ae06a3979f53046aa05330d69de1fa) Importer(815301076,1909f56bfc062723c751e8b465ee728b)  -> (artifact id: 'd54aa7f52bfeccd80ab60c63646b67ba') in 0.050672 seconds 
========================================================================
Received Import Request.
  Time since last request: 0.000032 seconds.
  path: Assets/Models/Anchor 1.prefab
  artifactKey: Guid(8544fe68824efe446abbd532173f0a49) Importer(815301076,1909f56bfc062723c751e8b465ee728b)
Start importing Assets/Models/Anchor 1.prefab using Guid(8544fe68824efe446abbd532173f0a49) Importer(815301076,1909f56bfc062723c751e8b465ee728b)  -> (artifact id: '12524f774f4d943a582183350fc96c7e') in 0.011840 seconds 
========================================================================
Received Import Request.
  Time since last request: 0.000023 seconds.
  path: Assets/Models/Horizon.FBX
  artifactKey: Guid(a3a5c793f8ee31e4bb839bcf242697bf) Importer(815301076,1909f56bfc062723c751e8b465ee728b)
Start importing Assets/Models/Horizon.FBX using Guid(a3a5c793f8ee31e4bb839bcf242697bf) Importer(815301076,1909f56bfc062723c751e8b465ee728b)  -> (artifact id: '5de7014d98bcb0a6b4df287493ad01b1') in 0.020270 seconds 
========================================================================
Received Import Request.
  Time since last request: 0.000020 seconds.
  path: Assets/Models/Workshop_Set.fbx
  artifactKey: Guid(47616bd0cda748d4cbedcfc908506b9d) Importer(815301076,1909f56bfc062723c751e8b465ee728b)
Start importing Assets/Models/Workshop_Set.fbx using Guid(47616bd0cda748d4cbedcfc908506b9d) Importer(815301076,1909f56bfc062723c751e8b465ee728b)  -> (artifact id: 'c06774feea732be5b413e914fd6d1c71') in 0.083638 seconds 
========================================================================
Received Import Request.
  Time since last request: 0.000022 seconds.
  path: Assets/Models/Workbench.fbx
  artifactKey: Guid(efe9381559c516743bd05cef82f39ebb) Importer(815301076,1909f56bfc062723c751e8b465ee728b)
Start importing Assets/Models/Workbench.fbx using Guid(efe9381559c516743bd05cef82f39ebb) Importer(815301076,1909f56bfc062723c751e8b465ee728b)  -> (artifact id: 'e7a04f38103289ec7495a1c46572b0ea') in 0.083098 seconds 
========================================================================
Received Import Request.
  Time since last request: 0.000026 seconds.
  path: Assets/Models/spaceShip.fbx
  artifactKey: Guid(f534c46bd4214574c91869bac9f9d66e) Importer(815301076,1909f56bfc062723c751e8b465ee728b)
Start importing Assets/Models/spaceShip.fbx using Guid(f534c46bd4214574c91869bac9f9d66e) Importer(815301076,1909f56bfc062723c751e8b465ee728b)  -> (artifact id: '93e116b7ad02fa7ba526baa8f135cf7f') in 0.536472 seconds 
========================================================================
Received Import Request.
  Time since last request: 0.000036 seconds.
  path: Assets/Models/Workbench_Low.fbx
  artifactKey: Guid(ff6dc36862fe41641bb21568d92147c9) Importer(815301076,1909f56bfc062723c751e8b465ee728b)
Start importing Assets/Models/Workbench_Low.fbx using Guid(ff6dc36862fe41641bb21568d92147c9) Importer(815301076,1909f56bfc062723c751e8b465ee728b)  -> (artifact id: 'da899d47c05c3f0261233ee55e73c357') in 0.087213 seconds 
========================================================================
Received Import Request.
  Time since last request: 0.000019 seconds.
  path: Assets/Models/controller.fbx
  artifactKey: Guid(e3881b2fb79daf942aa3338ec96dadf3) Importer(815301076,1909f56bfc062723c751e8b465ee728b)
Start importing Assets/Models/controller.fbx using Guid(e3881b2fb79daf942aa3338ec96dadf3) Importer(815301076,1909f56bfc062723c751e8b465ee728b)  -> (artifact id: '1c04daa6ac3dff94e6fe483c20a5f80f') in 0.054293 seconds 
========================================================================
Received Import Request.
  Time since last request: 0.000032 seconds.
  path: Assets/Models/Right Hand Model.prefab
  artifactKey: Guid(b3183e47478a0314ea9fee0ba7fb3837) Importer(815301076,1909f56bfc062723c751e8b465ee728b)
Start importing Assets/Models/Right Hand Model.prefab using Guid(b3183e47478a0314ea9fee0ba7fb3837) Importer(815301076,1909f56bfc062723c751e8b465ee728b)  -> (artifact id: '24efed998e5d438736cec326c04c1192') in 0.014464 seconds 
========================================================================
Received Import Request.
  Time since last request: 0.000037 seconds.
  path: Assets/Models/teleportHightlight.fbx
  artifactKey: Guid(963b83450bee48b49b3d155e89f06236) Importer(815301076,1909f56bfc062723c751e8b465ee728b)
Start importing Assets/Models/teleportHightlight.fbx using Guid(963b83450bee48b49b3d155e89f06236) Importer(815301076,1909f56bfc062723c751e8b465ee728b)  -> (artifact id: '5afce61b5c8eab2391224221e0ad2721') in 0.023837 seconds 
========================================================================
Received Import Request.
  Time since last request: 0.000036 seconds.
  path: Assets/Models/CurveWall.fbx
  artifactKey: Guid(c7e9af26e11dca1419afafcc0f7002b1) Importer(815301076,1909f56bfc062723c751e8b465ee728b)
Start importing Assets/Models/CurveWall.fbx using Guid(c7e9af26e11dca1419afafcc0f7002b1) Importer(815301076,1909f56bfc062723c751e8b465ee728b)  -> (artifact id: '3e65f2a96086d0a7e2209962d00230fe') in 0.052246 seconds 
Editor requested this worker to shutdown with reason: Scaling down because of idle timeout
AssetImportWorker is now disconnected from the server
Process exiting
Exiting without the bug reporter. Application will terminate with return code 0