Using pre-set license
Built from '2021.3/staging' branch; Version is '2021.3.8f1 (b30333d56e81) revision 11731763'; Using compiler version '192829333'; Build Type 'Release'
OS: 'Windows 11  (10.0.22000) 64bit Professional' Language: 'en' Physical Memory: 16219 MB
BatchMode: 1, IsHumanControllingUs: 0, StartBugReporterOnCrash: 0, Is64bit: 1, IsPro: 1

COMMAND LINE ARGUMENTS:
C:\Program Files\Unity\Hub\Editor\2021.3.8f1\Editor\Unity.exe
-adb2
-batchMode
-noUpm
-name
AssetImportWorker1
-projectPath
D:/VR/Project3Vr
-logFile
Logs/AssetImportWorker1.log
-srvPort
54258
Successfully changed project path to: D:/VR/Project3Vr
D:/VR/Project3Vr
[UnityMemory] Configuration Parameters - Can be set up in boot.config
    "memorysetup-bucket-allocator-granularity=16"
    "memorysetup-bucket-allocator-bucket-count=8"
    "memorysetup-bucket-allocator-block-size=33554432"
    "memorysetup-bucket-allocator-block-count=8"
    "memorysetup-main-allocator-block-size=16777216"
    "memorysetup-thread-allocator-block-size=16777216"
    "memorysetup-gfx-main-allocator-block-size=16777216"
    "memorysetup-gfx-thread-allocator-block-size=16777216"
    "memorysetup-cache-allocator-block-size=4194304"
    "memorysetup-typetree-allocator-block-size=2097152"
    "memorysetup-profiler-bucket-allocator-granularity=16"
    "memorysetup-profiler-bucket-allocator-bucket-count=8"
    "memorysetup-profiler-bucket-allocator-block-size=33554432"
    "memorysetup-profiler-bucket-allocator-block-count=8"
    "memorysetup-profiler-allocator-block-size=16777216"
    "memorysetup-profiler-editor-allocator-block-size=1048576"
    "memorysetup-temp-allocator-size-main=16777216"
    "memorysetup-job-temp-allocator-block-size=2097152"
    "memorysetup-job-temp-allocator-block-size-background=1048576"
    "memorysetup-job-temp-allocator-reduction-small-platforms=262144"
    "memorysetup-temp-allocator-size-background-worker=32768"
    "memorysetup-temp-allocator-size-job-worker=262144"
    "memorysetup-temp-allocator-size-preload-manager=33554432"
    "memorysetup-temp-allocator-size-nav-mesh-worker=65536"
    "memorysetup-temp-allocator-size-audio-worker=65536"
    "memorysetup-temp-allocator-size-cloud-worker=32768"
    "memorysetup-temp-allocator-size-gi-baking-worker=262144"
    "memorysetup-temp-allocator-size-gfx=262144"
Refreshing native plugins compatible for Editor in 78.00 ms, found 11 plugins.
Preloading 1 native plugins for Editor in 0.78 ms.
Initialize engine version: 2021.3.8f1 (b30333d56e81)
[Subsystems] Discovering subsystems at path C:/Program Files/Unity/Hub/Editor/2021.3.8f1/Editor/Data/Resources/UnitySubsystems
[Subsystems] Discovering subsystems at path D:/VR/Project3Vr/Assets
GfxDevice: creating device client; threaded=0; jobified=0
Direct3D:
    Version:  Direct3D 11.0 [level 11.1]
    Renderer: NVIDIA GeForce RTX 3050 Laptop GPU (ID=0x25e2)
    Vendor:   NVIDIA
    VRAM:     3991 MB
    Driver:   30.0.15.1236
Initialize mono
Mono path[0] = 'C:/Program Files/Unity/Hub/Editor/2021.3.8f1/Editor/Data/Managed'
Mono path[1] = 'C:/Program Files/Unity/Hub/Editor/2021.3.8f1/Editor/Data/MonoBleedingEdge/lib/mono/unityjit-win32'
Mono config path = 'C:/Program Files/Unity/Hub/Editor/2021.3.8f1/Editor/Data/MonoBleedingEdge/etc'
Using monoOptions --debugger-agent=transport=dt_socket,embedding=1,server=y,suspend=n,address=127.0.0.1:56256
Begin MonoManager ReloadAssembly
Registering precompiled unity dll's ...
Register platform support module: C:/Program Files/Unity/Hub/Editor/2021.3.8f1/Editor/Data/PlaybackEngines/WebGLSupport/UnityEditor.WebGL.Extensions.dll
Register platform support module: C:/Program Files/Unity/Hub/Editor/2021.3.8f1/Editor/Data/PlaybackEngines/WindowsStandaloneSupport/UnityEditor.WindowsStandalone.Extensions.dll
Registered in 0.004375 seconds.
Native extension for WindowsStandalone target not found
Native extension for WebGL target not found
Refreshing native plugins compatible for Editor in 80.79 ms, found 11 plugins.
Preloading 1 native plugins for Editor in 0.06 ms.
Mono: successfully reloaded assembly
- Completed reload, in  0.571 seconds
Domain Reload Profiling:
	ReloadAssembly (571ms)
		BeginReloadAssembly (63ms)
			ExecutionOrderSort (0ms)
			DisableScriptedObjects (0ms)
			BackupInstance (0ms)
			ReleaseScriptingObjects (0ms)
			CreateAndSetChildDomain (6ms)
		EndReloadAssembly (404ms)
			LoadAssemblies (55ms)
			RebuildTransferFunctionScriptingTraits (0ms)
			SetupTypeCache (97ms)
			ReleaseScriptCaches (0ms)
			RebuildScriptCaches (24ms)
			SetupLoadedEditorAssemblies (234ms)
				LogAssemblyErrors (0ms)
				InitializePlatformSupportModulesInManaged (7ms)
				SetLoadedEditorAssemblies (0ms)
				RefreshPlugins (81ms)
				BeforeProcessingInitializeOnLoad (1ms)
				ProcessInitializeOnLoadAttributes (105ms)
				ProcessInitializeOnLoadMethodAttributes (40ms)
				AfterProcessingInitializeOnLoad (0ms)
				EditorAssembliesLoaded (0ms)
			ExecutionOrderSort2 (0ms)
			AwakeInstancesAfterBackupRestoration (0ms)
Platform modules already initialized, skipping
Registering precompiled user dll's ...
Registered in 0.003958 seconds.
Begin MonoManager ReloadAssembly
Symbol file LoadedFromMemory doesn't match image D:\VR\Project3Vr\Library\PackageCache\com.unity.visualscripting@1.7.8\Editor\VisualScripting.Core\Dependencies\DotNetZip\Unity.VisualScripting.IonicZip.dll
Symbol file LoadedFromMemory doesn't match image D:\VR\Project3Vr\Library\PackageCache\com.unity.visualscripting@1.7.8\Editor\VisualScripting.Core\Dependencies\YamlDotNet\Unity.VisualScripting.YamlDotNet.dll
Native extension for WindowsStandalone target not found
Native extension for WebGL target not found
Refreshing native plugins compatible for Editor in 79.33 ms, found 11 plugins.
Preloading 1 native plugins for Editor in 0.05 ms.
Package Manager log level set to [2]
System.Reflection.TargetInvocationException: Exception has been thrown by the target of an invocation. ---> System.NullReferenceException: Object reference not set to an instance of an object
  at Unity.XR.Oculus.OculusLoader.AssetPathToAbsolutePath (System.String assetPath) [0x0003d] in D:\VR\Project3Vr\Library\PackageCache\com.unity.xr.oculus@3.0.2\Runtime\OculusLoader.cs:271 
  at Unity.XR.Oculus.OculusLoader.EditorLoadOVRPlugin () [0x0007b] in D:\VR\Project3Vr\Library\PackageCache\com.unity.xr.oculus@3.0.2\Runtime\OculusLoader.cs:256 
  at (wrapper managed-to-native) System.Reflection.RuntimeMethodInfo.InternalInvoke(System.Reflection.RuntimeMethodInfo,object,object[],System.Exception&)
  at System.Reflection.RuntimeMethodInfo.Invoke (System.Object obj, System.Reflection.BindingFlags invokeAttr, System.Reflection.Binder binder, System.Object[] parameters, System.Globalization.CultureInfo culture) [0x0006a] in <c2a97e0383e8404c9fc0ae19d58f57f1>:0 
   --- End of inner exception stack trace ---
  at System.Reflection.RuntimeMethodInfo.Invoke (System.Object obj, System.Reflection.BindingFlags invokeAttr, System.Reflection.Binder binder, System.Object[] parameters, System.Globalization.CultureInfo culture) [0x00083] in <c2a97e0383e8404c9fc0ae19d58f57f1>:0 
  at System.Reflection.MethodBase.Invoke (System.Object obj, System.Object[] parameters) [0x00000] in <c2a97e0383e8404c9fc0ae19d58f57f1>:0 
  at UnityEditor.EditorAssemblies.ProcessInitializeOnLoadMethodAttributes () [0x000a5] in <5f40cdb07bd44d76a23dad985a4ec283>:0 
UnityEngine.StackTraceUtility:ExtractStackTrace ()
UnityEngine.DebugLogHandler:LogFormat (UnityEngine.LogType,UnityEngine.Object,string,object[])
UnityEngine.Logger:Log (UnityEngine.LogType,object)
UnityEngine.Debug:LogError (object)
UnityEditor.EditorAssemblies:ProcessInitializeOnLoadMethodAttributes ()

Mono: successfully reloaded assembly
- Completed reload, in  1.030 seconds
Domain Reload Profiling:
	ReloadAssembly (1031ms)
		BeginReloadAssembly (92ms)
			ExecutionOrderSort (0ms)
			DisableScriptedObjects (5ms)
			BackupInstance (0ms)
			ReleaseScriptingObjects (0ms)
			CreateAndSetChildDomain (16ms)
		EndReloadAssembly (849ms)
			LoadAssemblies (66ms)
			RebuildTransferFunctionScriptingTraits (0ms)
			SetupTypeCache (244ms)
			ReleaseScriptCaches (1ms)
			RebuildScriptCaches (51ms)
			SetupLoadedEditorAssemblies (453ms)
				LogAssemblyErrors (0ms)
				InitializePlatformSupportModulesInManaged (4ms)
				SetLoadedEditorAssemblies (0ms)
				RefreshPlugins (79ms)
				BeforeProcessingInitializeOnLoad (79ms)
				ProcessInitializeOnLoadAttributes (254ms)
				ProcessInitializeOnLoadMethodAttributes (31ms)
				AfterProcessingInitializeOnLoad (4ms)
				EditorAssembliesLoaded (0ms)
			ExecutionOrderSort2 (0ms)
			AwakeInstancesAfterBackupRestoration (5ms)
Platform modules already initialized, skipping
========================================================================
Worker process is ready to serve import requests
Launched and connected shader compiler UnityShaderCompiler.exe after 0.04 seconds
Refreshing native plugins compatible for Editor in 0.85 ms, found 11 plugins.
Preloading 1 native plugins for Editor in 0.42 ms.
Unloading 4273 Unused Serialized files (Serialized files now loaded: 0)
Unloading 47 unused Assets / (56.8 KB). Loaded Objects now: 4719.
Memory consumption went from 151.3 MB to 151.3 MB.
Total: 4.320500 ms (FindLiveObjects: 0.313400 ms CreateObjectMapping: 0.113500 ms MarkObjects: 3.747800 ms  DeleteObjects: 0.144700 ms)

AssetImportParameters requested are different than current active one (requested -> active):
  custom:video-decoder-ogg-theora: a1e56fd34408186e4bbccfd4996cb3dc -> 
  custom:container-muxer-webm: aa71ff27fc2769a1b78a27578f13a17b -> 
  custom:container-demuxer-webm: 4f35f7cbe854078d1ac9338744f61a02 -> 
  custom:video-encoder-webm-vp8: eb34c28f22e8b96e1ab97ce403110664 -> 
  custom:audio-encoder-webm-vorbis: bf7c407c2cedff20999df2af8eb42d56 -> 
  custom:framework-win-MediaFoundation: 216162199b28c13a410421893ffa2e32 -> 
  custom:container-demuxer-ogg: 62fdf1f143b41e24485cea50d1cbac27 -> 
  custom:video-decoder-webm-vp8: 9c59270c3fd7afecdb556c50c9e8de78 -> 
  custom:audio-decoder-ogg-vorbis: bf7c407c2cedff20999df2af8eb42d56 -> 
========================================================================
Received Import Request.
  Time since last request: 566858.930252 seconds.
  path: Assets/Scenes/box.unity
  artifactKey: Guid(5420e8a28c8507c4eaf13fdad7c5a8cb) Importer(815301076,1909f56bfc062723c751e8b465ee728b)
Start importing Assets/Scenes/box.unity using Guid(5420e8a28c8507c4eaf13fdad7c5a8cb) Importer(815301076,1909f56bfc062723c751e8b465ee728b)  -> (artifact id: '2ad61a313aee913ca4f70e2523c3e905') in 0.015004 seconds 
========================================================================
Received Import Request.
  Time since last request: 692.216039 seconds.
  path: Assets/Models/alt.fbx
  artifactKey: Guid(932cc3b2d1bbbe64b862ed687d9c972f) Importer(815301076,1909f56bfc062723c751e8b465ee728b)
Start importing Assets/Models/alt.fbx using Guid(932cc3b2d1bbbe64b862ed687d9c972f) Importer(815301076,1909f56bfc062723c751e8b465ee728b)  -> (artifact id: '15babcba27ea01c662c3e1c7b5763c99') in 0.185956 seconds 
========================================================================
Received Import Request.
  Time since last request: 0.000162 seconds.
  path: Assets/Models/SafetyHat_Low.fbx
  artifactKey: Guid(9d0d902f71acfe646a46cb625f815a49) Importer(815301076,1909f56bfc062723c751e8b465ee728b)
Start importing Assets/Models/SafetyHat_Low.fbx using Guid(9d0d902f71acfe646a46cb625f815a49) Importer(815301076,1909f56bfc062723c751e8b465ee728b)  -> (artifact id: 'd9cc9c64b35ce0ef8d15565cf851d4e4') in 0.149643 seconds 
========================================================================
Received Import Request.
  Time since last request: 0.000037 seconds.
  path: Assets/Models/Hammer_Low.fbx
  artifactKey: Guid(68a66fb5a71f8204a8dcb613c97d1fa8) Importer(815301076,1909f56bfc062723c751e8b465ee728b)
Start importing Assets/Models/Hammer_Low.fbx using Guid(68a66fb5a71f8204a8dcb613c97d1fa8) Importer(815301076,1909f56bfc062723c751e8b465ee728b)  -> (artifact id: 'da9e8e299b2774df085ba9b83b0bce31') in 0.024108 seconds 
========================================================================
Received Import Request.
  Time since last request: 0.000027 seconds.
  path: Assets/Models/SafetyGoggles_Low.fbx
  artifactKey: Guid(6296e48663fd7ad46b1a2af507f871cf) Importer(815301076,1909f56bfc062723c751e8b465ee728b)
Start importing Assets/Models/SafetyGoggles_Low.fbx using Guid(6296e48663fd7ad46b1a2af507f871cf) Importer(815301076,1909f56bfc062723c751e8b465ee728b)  -> (artifact id: '995f9be71fa3b58f909b46ee36f12ebc') in 0.039623 seconds 
========================================================================
Received Import Request.
  Time since last request: 0.000025 seconds.
  path: Assets/Models/reticle.prefab
  artifactKey: Guid(a21c0344e2f444b4cb8459c219e7baa0) Importer(815301076,1909f56bfc062723c751e8b465ee728b)
Start importing Assets/Models/reticle.prefab using Guid(a21c0344e2f444b4cb8459c219e7baa0) Importer(815301076,1909f56bfc062723c751e8b465ee728b)  -> (artifact id: '43c59bc9c24f98da427a19e98fea8e63') in 0.014889 seconds 
========================================================================
Received Import Request.
  Time since last request: 0.000023 seconds.
  path: Assets/Models/wall.fbx
  artifactKey: Guid(2fa325953cac2af498d0b28ddccf29ee) Importer(815301076,1909f56bfc062723c751e8b465ee728b)
Start importing Assets/Models/wall.fbx using Guid(2fa325953cac2af498d0b28ddccf29ee) Importer(815301076,1909f56bfc062723c751e8b465ee728b)  -> (artifact id: '934f031d48901e560e5ca1724778b146') in 0.706305 seconds 
========================================================================
Received Import Request.
  Time since last request: 0.000028 seconds.
  path: Assets/Models/Stud.fbx
  artifactKey: Guid(34624edaccd9d704a95ed404d919b492) Importer(815301076,1909f56bfc062723c751e8b465ee728b)
Start importing Assets/Models/Stud.fbx using Guid(34624edaccd9d704a95ed404d919b492) Importer(815301076,1909f56bfc062723c751e8b465ee728b)  -> (artifact id: '6c6551bb7dadcf399d8eb5c82565346f') in 0.036966 seconds 
========================================================================
Received Import Request.
  Time since last request: 0.000033 seconds.
  path: Assets/Models/StoneRound.fbx
  artifactKey: Guid(bc82e952d83d52a46b2ad02d91c037e8) Importer(815301076,1909f56bfc062723c751e8b465ee728b)
Start importing Assets/Models/StoneRound.fbx using Guid(bc82e952d83d52a46b2ad02d91c037e8) Importer(815301076,1909f56bfc062723c751e8b465ee728b)  -> (artifact id: 'e5ee6f8a96b4852e7624d451e67dcc9c') in 0.024299 seconds 
========================================================================
Received Import Request.
  Time since last request: 0.000023 seconds.
  path: Assets/Models/Jigsaw_Low.fbx
  artifactKey: Guid(8b73e8872ca76104bbca4ee2b704a1b4) Importer(815301076,1909f56bfc062723c751e8b465ee728b)
Start importing Assets/Models/Jigsaw_Low.fbx using Guid(8b73e8872ca76104bbca4ee2b704a1b4) Importer(815301076,1909f56bfc062723c751e8b465ee728b)  -> (artifact id: 'd55f8250901231ef1e6ec6aff639a362') in 0.024061 seconds 
========================================================================
Received Import Request.
  Time since last request: 0.000024 seconds.
  path: Assets/Models/directionArrow.fbx
  artifactKey: Guid(7b7d015547517be43ae96ab8ebc96ae2) Importer(815301076,1909f56bfc062723c751e8b465ee728b)
Start importing Assets/Models/directionArrow.fbx using Guid(7b7d015547517be43ae96ab8ebc96ae2) Importer(815301076,1909f56bfc062723c751e8b465ee728b)  -> (artifact id: '28a4a7c27b74d614dbbb56614202d0b9') in 0.031641 seconds 
========================================================================
Received Import Request.
  Time since last request: 0.000036 seconds.
  path: Assets/Models/MagneticLevel_Low.fbx
  artifactKey: Guid(bae110eee250e4b418b188f4ae4e3170) Importer(815301076,1909f56bfc062723c751e8b465ee728b)
Start importing Assets/Models/MagneticLevel_Low.fbx using Guid(bae110eee250e4b418b188f4ae4e3170) Importer(815301076,1909f56bfc062723c751e8b465ee728b)  -> (artifact id: '5e417922397febf4acdff79ff1880dea') in 0.036637 seconds 
========================================================================
Received Import Request.
  Time since last request: 0.000021 seconds.
  path: Assets/Models/schreibtisch.fbx
  artifactKey: Guid(5b2c04b7d2395f34f8c1f2d332cfa0ed) Importer(815301076,1909f56bfc062723c751e8b465ee728b)
Start importing Assets/Models/schreibtisch.fbx using Guid(5b2c04b7d2395f34f8c1f2d332cfa0ed) Importer(815301076,1909f56bfc062723c751e8b465ee728b)  -> (artifact id: '5bfdef1c75751906c3763e33ffde5490') in 1.691025 seconds 
========================================================================
Received Import Request.
  Time since last request: 0.000043 seconds.
  path: Assets/Models/StoneFlat.fbx
  artifactKey: Guid(f6258ac46f6c5854f9d08b200ff4b3dc) Importer(815301076,1909f56bfc062723c751e8b465ee728b)
Start importing Assets/Models/StoneFlat.fbx using Guid(f6258ac46f6c5854f9d08b200ff4b3dc) Importer(815301076,1909f56bfc062723c751e8b465ee728b)  -> (artifact id: '0ac232b551882c432bb20d5d03c9776f') in 0.025051 seconds 
========================================================================
Received Import Request.
  Time since last request: 0.000038 seconds.
  path: Assets/Models/fileAnchorWall.fbx
  artifactKey: Guid(2b85dc402886aac4abf0308b20bd1a7b) Importer(815301076,1909f56bfc062723c751e8b465ee728b)
Start importing Assets/Models/fileAnchorWall.fbx using Guid(2b85dc402886aac4abf0308b20bd1a7b) Importer(815301076,1909f56bfc062723c751e8b465ee728b)  -> (artifact id: '9c18479ef96d94e1acf572f2aac705f4') in 0.023757 seconds 
========================================================================
Received Import Request.
  Time since last request: 0.000031 seconds.
  path: Assets/Models/Door.fbx
  artifactKey: Guid(69fbd10d557672048b7e49f6bca129ef) Importer(815301076,1909f56bfc062723c751e8b465ee728b)
Start importing Assets/Models/Door.fbx using Guid(69fbd10d557672048b7e49f6bca129ef) Importer(815301076,1909f56bfc062723c751e8b465ee728b)  -> (artifact id: 'a50b35a85a8070de9b0135bb6512d727') in 0.030345 seconds 
========================================================================
Received Import Request.
  Time since last request: 0.000027 seconds.
  path: Assets/Models/GroundPlane.fbx
  artifactKey: Guid(fcd649d3e7190e34796777d2c0a3f3a7) Importer(815301076,1909f56bfc062723c751e8b465ee728b)
Start importing Assets/Models/GroundPlane.fbx using Guid(fcd649d3e7190e34796777d2c0a3f3a7) Importer(815301076,1909f56bfc062723c751e8b465ee728b)  -> (artifact id: 'ca549de8b3294e9e2e0b81af68652d01') in 0.023467 seconds 
========================================================================
Received Import Request.
  Time since last request: 0.000025 seconds.
  path: Assets/Models/teleportPlatform.fbx
  artifactKey: Guid(4e2f535eb595f4c41a1d4c425ed0a2d8) Importer(815301076,1909f56bfc062723c751e8b465ee728b)
Start importing Assets/Models/teleportPlatform.fbx using Guid(4e2f535eb595f4c41a1d4c425ed0a2d8) Importer(815301076,1909f56bfc062723c751e8b465ee728b)  -> (artifact id: '6daaf469efbb04f7bbb5eef5c95251d1') in 0.046945 seconds 
========================================================================
Received Import Request.
  Time since last request: 0.000027 seconds.
  path: Assets/Models/uploads_files_2085890_Living+Room.fbx
  artifactKey: Guid(22c831f3bd0e6cf468242a8e9c655076) Importer(815301076,1909f56bfc062723c751e8b465ee728b)
Start importing Assets/Models/uploads_files_2085890_Living+Room.fbx using Guid(22c831f3bd0e6cf468242a8e9c655076) Importer(815301076,1909f56bfc062723c751e8b465ee728b)  -> (artifact id: 'deba7e206864e891fab0f3895ee742d7') in 0.910465 seconds 
========================================================================
Received Import Request.
  Time since last request: 98.761123 seconds.
  path: Assets/Models/b2.fbx
  artifactKey: Guid(c94a3ab5e455eb54091a92a04c99e104) Importer(815301076,1909f56bfc062723c751e8b465ee728b)
Start importing Assets/Models/b2.fbx using Guid(c94a3ab5e455eb54091a92a04c99e104) Importer(815301076,1909f56bfc062723c751e8b465ee728b)  -> (artifact id: '275a0c1a881caf23156da945c4ee00df') in 0.041389 seconds 
========================================================================
Received Import Request.
  Time since last request: 0.000030 seconds.
  path: Assets/Models/cay.obj
  artifactKey: Guid(c467204319e000a42b34d0d4f683bea3) Importer(815301076,1909f56bfc062723c751e8b465ee728b)
Start importing Assets/Models/cay.obj using Guid(c467204319e000a42b34d0d4f683bea3) Importer(815301076,1909f56bfc062723c751e8b465ee728b)  -> (artifact id: 'de6100d77ea6cf8ee760e6d1e60d043c') in 0.090265 seconds 
========================================================================
Received Import Request.
  Time since last request: 899.737362 seconds.
  path: Assets/Materials/Metal_Simple_Mat.mat
  artifactKey: Guid(a0427cf339e5891468d5f2b433b2d44a) Importer(815301076,1909f56bfc062723c751e8b465ee728b)
Start importing Assets/Materials/Metal_Simple_Mat.mat using Guid(a0427cf339e5891468d5f2b433b2d44a) Importer(815301076,1909f56bfc062723c751e8b465ee728b)  -> (artifact id: '359bab828d8dfa87b7d162df59efac8a') in 0.116843 seconds 
========================================================================
Received Import Request.
  Time since last request: 0.000048 seconds.
  path: Assets/Materials/Plastic_Yellow_Mat.mat
  artifactKey: Guid(bd2d742ee2ce7a740ae0cf992a38be74) Importer(815301076,1909f56bfc062723c751e8b465ee728b)
Start importing Assets/Materials/Plastic_Yellow_Mat.mat using Guid(bd2d742ee2ce7a740ae0cf992a38be74) Importer(815301076,1909f56bfc062723c751e8b465ee728b)  -> (artifact id: '7eb5c91d911cc68defdc4763eae109e8') in 0.050184 seconds 
========================================================================
Received Import Request.
  Time since last request: 0.000021 seconds.
  path: Assets/Materials/New Material 3.mat
  artifactKey: Guid(e74793a8c1fd71c48ae89882f426d194) Importer(815301076,1909f56bfc062723c751e8b465ee728b)
Start importing Assets/Materials/New Material 3.mat using Guid(e74793a8c1fd71c48ae89882f426d194) Importer(815301076,1909f56bfc062723c751e8b465ee728b)  -> (artifact id: '77660c642ce857dd1165706b62e6e948') in 0.016239 seconds 
========================================================================
Received Import Request.
  Time since last request: 0.000042 seconds.
  path: Assets/Materials/PaintLabel_Mat.mat
  artifactKey: Guid(3da4aad06945bbf4baf801c2aacbc01e) Importer(815301076,1909f56bfc062723c751e8b465ee728b)
Start importing Assets/Materials/PaintLabel_Mat.mat using Guid(3da4aad06945bbf4baf801c2aacbc01e) Importer(815301076,1909f56bfc062723c751e8b465ee728b)  -> (artifact id: 'f0ca0c3ac665e15adb21f5fab3c1364b') in 0.026446 seconds 
========================================================================
Received Import Request.
  Time since last request: 0.000024 seconds.
  path: Assets/Materials/R.jpg
  artifactKey: Guid(f776f4e44567c6247b1b60a17d746f3b) Importer(815301076,1909f56bfc062723c751e8b465ee728b)
Start importing Assets/Materials/R.jpg using Guid(f776f4e44567c6247b1b60a17d746f3b) Importer(815301076,1909f56bfc062723c751e8b465ee728b)  -> (artifact id: 'bdfedb3643b01955022d6a49f9c2601d') in 0.074236 seconds 
========================================================================
Received Import Request.
  Time since last request: 0.000026 seconds.
  path: Assets/Materials/Plastic_White_Mat.mat
  artifactKey: Guid(6cfe423139c361a459da7ed9831d4b1c) Importer(815301076,1909f56bfc062723c751e8b465ee728b)
Start importing Assets/Materials/Plastic_White_Mat.mat using Guid(6cfe423139c361a459da7ed9831d4b1c) Importer(815301076,1909f56bfc062723c751e8b465ee728b)  -> (artifact id: '4489e4b1c0c865ceb257a62bd33aa04b') in 0.027884 seconds 
========================================================================
Received Import Request.
  Time since last request: 0.000034 seconds.
  path: Assets/Materials/OBS_Mat.mat
  artifactKey: Guid(c438e5c679f1be040a135443008e2fce) Importer(815301076,1909f56bfc062723c751e8b465ee728b)
Start importing Assets/Materials/OBS_Mat.mat using Guid(c438e5c679f1be040a135443008e2fce) Importer(815301076,1909f56bfc062723c751e8b465ee728b)  -> (artifact id: 'f89f393c537eadfdf0756639d2008a94') in 0.018507 seconds 
========================================================================
Received Import Request.
  Time since last request: 5.334384 seconds.
  path: Assets/Materials/HardHat_Mat.mat
  artifactKey: Guid(e93789f0a5d66df4a81613935579642b) Importer(815301076,1909f56bfc062723c751e8b465ee728b)
Start importing Assets/Materials/HardHat_Mat.mat using Guid(e93789f0a5d66df4a81613935579642b) Importer(815301076,1909f56bfc062723c751e8b465ee728b)  -> (artifact id: '2817f13c807c0811ae314bd0d6a6de77') in 0.028272 seconds 
Editor requested this worker to shutdown with reason: Scaling down because of idle timeout
AssetImportWorker is now disconnected from the server
Process exiting
Exiting without the bug reporter. Application will terminate with return code 0