Using pre-set license
Built from '2021.3/staging' branch; Version is '2021.3.2f1 (d6360bedb9a0) revision 14038539'; Using compiler version '192829333'; Build Type 'Release'
OS: 'Windows 10  (10.0.19044) 64bit Professional' Language: 'en' Physical Memory: 32712 MB
BatchMode: 1, IsHumanControllingUs: 0, StartBugReporterOnCrash: 0, Is64bit: 1, IsPro: 1

COMMAND LINE ARGUMENTS:
C:\Program Files\Unity\Hub\Editor\2021.3.2f1\Editor\Unity.exe
-adb2
-batchMode
-noUpm
-name
AssetImportWorker6
-projectPath
D:/Project3/3d
-logFile
Logs/AssetImportWorker6.log
-srvPort
64049
Successfully changed project path to: D:/Project3/3d
D:/Project3/3d
[UnityMemory] Configuration Parameters - Can be set up in boot.config
    "memorysetup-bucket-allocator-granularity=16"
    "memorysetup-bucket-allocator-bucket-count=8"
    "memorysetup-bucket-allocator-block-size=33554432"
    "memorysetup-bucket-allocator-block-count=8"
    "memorysetup-main-allocator-block-size=16777216"
    "memorysetup-thread-allocator-block-size=16777216"
    "memorysetup-gfx-main-allocator-block-size=16777216"
    "memorysetup-gfx-thread-allocator-block-size=16777216"
    "memorysetup-cache-allocator-block-size=4194304"
    "memorysetup-typetree-allocator-block-size=2097152"
    "memorysetup-profiler-bucket-allocator-granularity=16"
    "memorysetup-profiler-bucket-allocator-bucket-count=8"
    "memorysetup-profiler-bucket-allocator-block-size=33554432"
    "memorysetup-profiler-bucket-allocator-block-count=8"
    "memorysetup-profiler-allocator-block-size=16777216"
    "memorysetup-profiler-editor-allocator-block-size=1048576"
    "memorysetup-temp-allocator-size-main=16777216"
    "memorysetup-job-temp-allocator-block-size=2097152"
    "memorysetup-job-temp-allocator-block-size-background=1048576"
    "memorysetup-job-temp-allocator-reduction-small-platforms=262144"
    "memorysetup-temp-allocator-size-background-worker=32768"
    "memorysetup-temp-allocator-size-job-worker=262144"
    "memorysetup-temp-allocator-size-preload-manager=33554432"
    "memorysetup-temp-allocator-size-nav-mesh-worker=65536"
    "memorysetup-temp-allocator-size-audio-worker=65536"
    "memorysetup-temp-allocator-size-cloud-worker=32768"
    "memorysetup-temp-allocator-size-gi-baking-worker=262144"
    "memorysetup-temp-allocator-size-gfx=262144"
Refreshing native plugins compatible for Editor in 190.46 ms, found 11 plugins.
Preloading 1 native plugins for Editor in 1.39 ms.
Initialize engine version: 2021.3.2f1 (d6360bedb9a0)
[Subsystems] Discovering subsystems at path C:/Program Files/Unity/Hub/Editor/2021.3.2f1/Editor/Data/Resources/UnitySubsystems
[Subsystems] Discovering subsystems at path D:/Project3/3d/Assets
GfxDevice: creating device client; threaded=0; jobified=0
Direct3D:
    Version:  Direct3D 11.0 [level 11.1]
    Renderer: NVIDIA GeForce RTX 2080 SUPER (ID=0x1e81)
    Vendor:   NVIDIA
    VRAM:     8010 MB
    Driver:   27.21.14.5751
Initialize mono
Mono path[0] = 'C:/Program Files/Unity/Hub/Editor/2021.3.2f1/Editor/Data/Managed'
Mono path[1] = 'C:/Program Files/Unity/Hub/Editor/2021.3.2f1/Editor/Data/MonoBleedingEdge/lib/mono/unityjit-win32'
Mono config path = 'C:/Program Files/Unity/Hub/Editor/2021.3.2f1/Editor/Data/MonoBleedingEdge/etc'
Using monoOptions --debugger-agent=transport=dt_socket,embedding=1,server=y,suspend=n,address=127.0.0.1:56904
Begin MonoManager ReloadAssembly
Registering precompiled unity dll's ...
Register platform support module: C:/Program Files/Unity/Hub/Editor/2021.3.2f1/Editor/Data/PlaybackEngines/AndroidPlayer/UnityEditor.Android.Extensions.dll
Register platform support module: C:/Program Files/Unity/Hub/Editor/2021.3.2f1/Editor/Data/PlaybackEngines/WindowsStandaloneSupport/UnityEditor.WindowsStandalone.Extensions.dll
Registered in 0.015572 seconds.
Native extension for WindowsStandalone target not found
Native extension for Android target not found
Refreshing native plugins compatible for Editor in 182.19 ms, found 11 plugins.
Preloading 1 native plugins for Editor in 0.12 ms.
Mono: successfully reloaded assembly
- Completed reload, in  1.195 seconds
Domain Reload Profiling:
	ReloadAssembly (1195ms)
		BeginReloadAssembly (128ms)
			ExecutionOrderSort (0ms)
			DisableScriptedObjects (0ms)
			BackupInstance (0ms)
			ReleaseScriptingObjects (0ms)
			CreateAndSetChildDomain (1ms)
		EndReloadAssembly (862ms)
			LoadAssemblies (124ms)
			RebuildTransferFunctionScriptingTraits (0ms)
			SetupTypeCache (178ms)
			ReleaseScriptCaches (0ms)
			RebuildScriptCaches (50ms)
			SetupLoadedEditorAssemblies (542ms)
				LogAssemblyErrors (0ms)
				InitializePlatformSupportModulesInManaged (104ms)
				SetLoadedEditorAssemblies (0ms)
				RefreshPlugins (182ms)
				BeforeProcessingInitializeOnLoad (3ms)
				ProcessInitializeOnLoadAttributes (172ms)
				ProcessInitializeOnLoadMethodAttributes (80ms)
				AfterProcessingInitializeOnLoad (0ms)
				EditorAssembliesLoaded (0ms)
			ExecutionOrderSort2 (0ms)
			AwakeInstancesAfterBackupRestoration (0ms)
Platform modules already initialized, skipping
Registering precompiled user dll's ...
Registered in 0.015726 seconds.
Begin MonoManager ReloadAssembly
Symbol file LoadedFromMemory doesn't match image D:\Project3\3d\Library\PackageCache\com.unity.visualscripting@1.7.6\Editor\VisualScripting.Core\Dependencies\DotNetZip\Unity.VisualScripting.IonicZip.dll
Symbol file LoadedFromMemory doesn't match image D:\Project3\3d\Library\PackageCache\com.unity.visualscripting@1.7.6\Editor\VisualScripting.Core\Dependencies\YamlDotNet\Unity.VisualScripting.YamlDotNet.dll
Native extension for WindowsStandalone target not found
Native extension for Android target not found
Refreshing native plugins compatible for Editor in 175.67 ms, found 11 plugins.
Preloading 1 native plugins for Editor in 0.10 ms.
Package Manager log level set to [2]
System.Reflection.TargetInvocationException: Exception has been thrown by the target of an invocation. ---> System.NullReferenceException: Object reference not set to an instance of an object
  at Unity.XR.Oculus.OculusLoader.AssetPathToAbsolutePath (System.String assetPath) [0x0003d] in D:\Project3\3d\Library\PackageCache\com.unity.xr.oculus@3.0.1\Runtime\OculusLoader.cs:257 
  at Unity.XR.Oculus.OculusLoader.EditorLoadOVRPlugin () [0x0007b] in D:\Project3\3d\Library\PackageCache\com.unity.xr.oculus@3.0.1\Runtime\OculusLoader.cs:242 
  at (wrapper managed-to-native) System.Reflection.RuntimeMethodInfo.InternalInvoke(System.Reflection.RuntimeMethodInfo,object,object[],System.Exception&)
  at System.Reflection.RuntimeMethodInfo.Invoke (System.Object obj, System.Reflection.BindingFlags invokeAttr, System.Reflection.Binder binder, System.Object[] parameters, System.Globalization.CultureInfo culture) [0x0006a] in <6073cf49ed704e958b8a66d540dea948>:0 
   --- End of inner exception stack trace ---
  at System.Reflection.RuntimeMethodInfo.Invoke (System.Object obj, System.Reflection.BindingFlags invokeAttr, System.Reflection.Binder binder, System.Object[] parameters, System.Globalization.CultureInfo culture) [0x00083] in <6073cf49ed704e958b8a66d540dea948>:0 
  at System.Reflection.MethodBase.Invoke (System.Object obj, System.Object[] parameters) [0x00000] in <6073cf49ed704e958b8a66d540dea948>:0 
  at UnityEditor.EditorAssemblies.ProcessInitializeOnLoadMethodAttributes () [0x000a5] in <a017e354f3154926a5617fbac3a64fcc>:0 
UnityEngine.StackTraceUtility:ExtractStackTrace ()
UnityEngine.DebugLogHandler:LogFormat (UnityEngine.LogType,UnityEngine.Object,string,object[])
UnityEngine.Logger:Log (UnityEngine.LogType,object)
UnityEngine.Debug:LogError (object)
UnityEditor.EditorAssemblies:ProcessInitializeOnLoadMethodAttributes ()

Mono: successfully reloaded assembly
- Completed reload, in  2.376 seconds
Domain Reload Profiling:
	ReloadAssembly (2378ms)
		BeginReloadAssembly (303ms)
			ExecutionOrderSort (0ms)
			DisableScriptedObjects (11ms)
			BackupInstance (0ms)
			ReleaseScriptingObjects (0ms)
			CreateAndSetChildDomain (130ms)
		EndReloadAssembly (1851ms)
			LoadAssemblies (163ms)
			RebuildTransferFunctionScriptingTraits (0ms)
			SetupTypeCache (483ms)
			ReleaseScriptCaches (1ms)
			RebuildScriptCaches (108ms)
			SetupLoadedEditorAssemblies (1006ms)
				LogAssemblyErrors (0ms)
				InitializePlatformSupportModulesInManaged (24ms)
				SetLoadedEditorAssemblies (0ms)
				RefreshPlugins (176ms)
				BeforeProcessingInitializeOnLoad (190ms)
				ProcessInitializeOnLoadAttributes (531ms)
				ProcessInitializeOnLoadMethodAttributes (70ms)
				AfterProcessingInitializeOnLoad (15ms)
				EditorAssembliesLoaded (0ms)
			ExecutionOrderSort2 (0ms)
			AwakeInstancesAfterBackupRestoration (10ms)
Platform modules already initialized, skipping
========================================================================
Worker process is ready to serve import requests
Launched and connected shader compiler UnityShaderCompiler.exe after 0.07 seconds
Refreshing native plugins compatible for Editor in 1.40 ms, found 11 plugins.
Preloading 1 native plugins for Editor in 0.13 ms.
Unloading 4251 Unused Serialized files (Serialized files now loaded: 0)
Unloading 48 unused Assets / (113.4 KB). Loaded Objects now: 4703.
Memory consumption went from 151.8 MB to 151.7 MB.
Total: 5.450200 ms (FindLiveObjects: 0.473800 ms CreateObjectMapping: 0.271800 ms MarkObjects: 4.532900 ms  DeleteObjects: 0.170000 ms)

AssetImportParameters requested are different than current active one (requested -> active):
  custom:video-decoder-ogg-theora: a1e56fd34408186e4bbccfd4996cb3dc -> 
  custom:container-muxer-webm: aa71ff27fc2769a1b78a27578f13a17b -> 
  custom:container-demuxer-webm: 4f35f7cbe854078d1ac9338744f61a02 -> 
  custom:video-encoder-webm-vp8: eb34c28f22e8b96e1ab97ce403110664 -> 
  custom:audio-encoder-webm-vorbis: bf7c407c2cedff20999df2af8eb42d56 -> 
  custom:framework-win-MediaFoundation: 216162199b28c13a410421893ffa2e32 -> 
  custom:container-demuxer-ogg: 62fdf1f143b41e24485cea50d1cbac27 -> 
  custom:video-decoder-webm-vp8: 9c59270c3fd7afecdb556c50c9e8de78 -> 
  custom:audio-decoder-ogg-vorbis: bf7c407c2cedff20999df2af8eb42d56 -> 
========================================================================
Received Import Request.
  Time since last request: 500525.014209 seconds.
  path: Assets/Scenes/B1.unity
  artifactKey: Guid(09d7c6dbfbc8b244891790646e885260) Importer(815301076,1909f56bfc062723c751e8b465ee728b)
Start importing Assets/Scenes/B1.unity using Guid(09d7c6dbfbc8b244891790646e885260) Importer(815301076,1909f56bfc062723c751e8b465ee728b)  -> (artifact id: '585a6d5b90804eddacfbbfc89cd0de59') in 0.019053 seconds 
========================================================================
Received Import Request.
  Time since last request: 148.799064 seconds.
  path: Assets/Materials/Materials/floorMat.mat
  artifactKey: Guid(5bdc3c3b56e7c5b44a817f6b7694f9e6) Importer(815301076,1909f56bfc062723c751e8b465ee728b)
Start importing Assets/Materials/Materials/floorMat.mat using Guid(5bdc3c3b56e7c5b44a817f6b7694f9e6) Importer(815301076,1909f56bfc062723c751e8b465ee728b)  -> (artifact id: 'be5465e7ca7a17248b0c1331a7cd23b0') in 0.201389 seconds 
========================================================================
Received Import Request.
  Time since last request: 25.713251 seconds.
  path: Assets/Scenes/mapRoom.unity
  artifactKey: Guid(7cbc66e291d181f42a7f64b9a5d66b39) Importer(815301076,1909f56bfc062723c751e8b465ee728b)
Start importing Assets/Scenes/mapRoom.unity using Guid(7cbc66e291d181f42a7f64b9a5d66b39) Importer(815301076,1909f56bfc062723c751e8b465ee728b)  -> (artifact id: '6d0029ec0536055698a037c8a9c2667e') in 0.009187 seconds 
========================================================================
Received Import Request.
  Time since last request: 13.084311 seconds.
  path: Assets/Scenes/Room.unity
  artifactKey: Guid(5519cceb4c5a6e146b4dc252a297c2a2) Importer(815301076,1909f56bfc062723c751e8b465ee728b)
Start importing Assets/Scenes/Room.unity using Guid(5519cceb4c5a6e146b4dc252a297c2a2) Importer(815301076,1909f56bfc062723c751e8b465ee728b)  -> (artifact id: 'bc212d09c8adb582e5d69c61a45a8e3a') in 0.008823 seconds 
========================================================================
Received Import Request.
  Time since last request: 19526.642438 seconds.
  path: Assets/Materials/bank_0021.mat
  artifactKey: Guid(90c59e2e425032b48a6402b2b76e800b) Importer(815301076,1909f56bfc062723c751e8b465ee728b)
Start importing Assets/Materials/bank_0021.mat using Guid(90c59e2e425032b48a6402b2b76e800b) Importer(815301076,1909f56bfc062723c751e8b465ee728b)  -> (artifact id: '675057167c830ae602ad099005952236') in 0.076032 seconds 
========================================================================
Received Import Request.
  Time since last request: 0.000051 seconds.
  path: Assets/Materials/tree.mat
  artifactKey: Guid(48f8f009180302640a0c246b8cfe3338) Importer(815301076,1909f56bfc062723c751e8b465ee728b)
Start importing Assets/Materials/tree.mat using Guid(48f8f009180302640a0c246b8cfe3338) Importer(815301076,1909f56bfc062723c751e8b465ee728b)  -> (artifact id: 'be813e20710a26700d2553720b4a6307') in 0.035265 seconds 
========================================================================
Received Import Request.
  Time since last request: 0.000035 seconds.
  path: Assets/Materials/deskMaterial.mat
  artifactKey: Guid(b45667de14151f3488c2cfec352e2782) Importer(815301076,1909f56bfc062723c751e8b465ee728b)
Start importing Assets/Materials/deskMaterial.mat using Guid(b45667de14151f3488c2cfec352e2782) Importer(815301076,1909f56bfc062723c751e8b465ee728b)  -> (artifact id: 'b615e182bb57805e0b1db7f511527f2d') in 0.041562 seconds 
========================================================================
Received Import Request.
  Time since last request: 0.000042 seconds.
  path: Assets/Materials/tree2.mat
  artifactKey: Guid(de374d0e5a4b92143883160a12a41ded) Importer(815301076,1909f56bfc062723c751e8b465ee728b)
Start importing Assets/Materials/tree2.mat using Guid(de374d0e5a4b92143883160a12a41ded) Importer(815301076,1909f56bfc062723c751e8b465ee728b)  -> (artifact id: 'f07cd3c375c24f81f0749a75557434e7') in 0.042296 seconds 
========================================================================
Received Import Request.
  Time since last request: 155.043664 seconds.
  path: Assets/Scenes/WorldInteractionDemoSettings.lighting
  artifactKey: Guid(b9d36b71b02f94e4eaf45121fc4eb6e3) Importer(815301076,1909f56bfc062723c751e8b465ee728b)
Start importing Assets/Scenes/WorldInteractionDemoSettings.lighting using Guid(b9d36b71b02f94e4eaf45121fc4eb6e3) Importer(815301076,1909f56bfc062723c751e8b465ee728b) LightingSettings: switching bake backend from 1 to 0.
 -> (artifact id: '760f0ca66999ca046cd4601c2ded0711') in 0.012096 seconds 
========================================================================
Received Import Request.
  Time since last request: 81.589088 seconds.
  path: Assets/Scenes/B1.unity
  artifactKey: Guid(09d7c6dbfbc8b244891790646e885260) Importer(815301076,1909f56bfc062723c751e8b465ee728b)
Start importing Assets/Scenes/B1.unity using Guid(09d7c6dbfbc8b244891790646e885260) Importer(815301076,1909f56bfc062723c751e8b465ee728b)  -> (artifact id: '33c8074cdaf8c47c5454dac4be61672c') in 0.010369 seconds 
========================================================================
Received Import Request.
  Time since last request: 444.983757 seconds.
  path: Assets/Scenes/DeprecatedWorldInteractionDemoSettings.lighting
  artifactKey: Guid(1b7e4545c4ed78b48bd54b780f2dc185) Importer(815301076,1909f56bfc062723c751e8b465ee728b)
Start importing Assets/Scenes/DeprecatedWorldInteractionDemoSettings.lighting using Guid(1b7e4545c4ed78b48bd54b780f2dc185) Importer(815301076,1909f56bfc062723c751e8b465ee728b) LightingSettings: switching bake backend from 1 to 0.
 -> (artifact id: 'd586b89a918c636e6384c6d314b55ba9') in 0.012042 seconds 
========================================================================
Received Prepare
Registering precompiled user dll's ...
Registered in 0.018617 seconds.
Begin MonoManager ReloadAssembly
Symbol file LoadedFromMemory doesn't match image D:\Project3\3d\Library\PackageCache\com.unity.visualscripting@1.7.6\Editor\VisualScripting.Core\Dependencies\DotNetZip\Unity.VisualScripting.IonicZip.dll
Symbol file LoadedFromMemory doesn't match image D:\Project3\3d\Library\PackageCache\com.unity.visualscripting@1.7.6\Editor\VisualScripting.Core\Dependencies\YamlDotNet\Unity.VisualScripting.YamlDotNet.dll
Native extension for WindowsStandalone target not found
Native extension for Android target not found
Refreshing native plugins compatible for Editor in 1.51 ms, found 11 plugins.
Preloading 1 native plugins for Editor in 0.16 ms.
System.Reflection.TargetInvocationException: Exception has been thrown by the target of an invocation. ---> System.NullReferenceException: Object reference not set to an instance of an object
  at Unity.XR.Oculus.OculusLoader.AssetPathToAbsolutePath (System.String assetPath) [0x0003d] in D:\Project3\3d\Library\PackageCache\com.unity.xr.oculus@3.0.1\Runtime\OculusLoader.cs:257 
  at Unity.XR.Oculus.OculusLoader.EditorLoadOVRPlugin () [0x0007b] in D:\Project3\3d\Library\PackageCache\com.unity.xr.oculus@3.0.1\Runtime\OculusLoader.cs:242 
  at (wrapper managed-to-native) System.Reflection.RuntimeMethodInfo.InternalInvoke(System.Reflection.RuntimeMethodInfo,object,object[],System.Exception&)
  at System.Reflection.RuntimeMethodInfo.Invoke (System.Object obj, System.Reflection.BindingFlags invokeAttr, System.Reflection.Binder binder, System.Object[] parameters, System.Globalization.CultureInfo culture) [0x0006a] in <6073cf49ed704e958b8a66d540dea948>:0 
   --- End of inner exception stack trace ---
  at System.Reflection.RuntimeMethodInfo.Invoke (System.Object obj, System.Reflection.BindingFlags invokeAttr, System.Reflection.Binder binder, System.Object[] parameters, System.Globalization.CultureInfo culture) [0x00083] in <6073cf49ed704e958b8a66d540dea948>:0 
  at System.Reflection.MethodBase.Invoke (System.Object obj, System.Object[] parameters) [0x00000] in <6073cf49ed704e958b8a66d540dea948>:0 
  at UnityEditor.EditorAssemblies.ProcessInitializeOnLoadMethodAttributes () [0x000a5] in <a017e354f3154926a5617fbac3a64fcc>:0 
UnityEngine.StackTraceUtility:ExtractStackTrace ()
UnityEngine.DebugLogHandler:LogFormat (UnityEngine.LogType,UnityEngine.Object,string,object[])
UnityEngine.Logger:Log (UnityEngine.LogType,object)
UnityEngine.Debug:LogError (object)
UnityEditor.EditorAssemblies:ProcessInitializeOnLoadMethodAttributes ()

Mono: successfully reloaded assembly
- Completed reload, in  2.003 seconds
Domain Reload Profiling:
	ReloadAssembly (2004ms)
		BeginReloadAssembly (232ms)
			ExecutionOrderSort (0ms)
			DisableScriptedObjects (11ms)
			BackupInstance (0ms)
			ReleaseScriptingObjects (0ms)
			CreateAndSetChildDomain (73ms)
		EndReloadAssembly (1590ms)
			LoadAssemblies (141ms)
			RebuildTransferFunctionScriptingTraits (0ms)
			SetupTypeCache (526ms)
			ReleaseScriptCaches (2ms)
			RebuildScriptCaches (86ms)
			SetupLoadedEditorAssemblies (745ms)
				LogAssemblyErrors (0ms)
				InitializePlatformSupportModulesInManaged (40ms)
				SetLoadedEditorAssemblies (1ms)
				RefreshPlugins (2ms)
				BeforeProcessingInitializeOnLoad (141ms)
				ProcessInitializeOnLoadAttributes (477ms)
				ProcessInitializeOnLoadMethodAttributes (67ms)
				AfterProcessingInitializeOnLoad (17ms)
				EditorAssembliesLoaded (0ms)
			ExecutionOrderSort2 (0ms)
			AwakeInstancesAfterBackupRestoration (10ms)
Platform modules already initialized, skipping
Refreshing native plugins compatible for Editor in 8.66 ms, found 11 plugins.
Preloading 1 native plugins for Editor in 0.11 ms.
Unloading 4212 Unused Serialized files (Serialized files now loaded: 0)
Unloading 38 unused Assets / (80.4 KB). Loaded Objects now: 4746.
Memory consumption went from 154.3 MB to 154.2 MB.
Total: 5.236400 ms (FindLiveObjects: 0.415700 ms CreateObjectMapping: 0.232500 ms MarkObjects: 4.427500 ms  DeleteObjects: 0.158700 ms)

AssetImportParameters requested are different than current active one (requested -> active):
  custom:video-decoder-ogg-theora: a1e56fd34408186e4bbccfd4996cb3dc -> 
  custom:container-muxer-webm: aa71ff27fc2769a1b78a27578f13a17b -> 
  custom:container-demuxer-webm: 4f35f7cbe854078d1ac9338744f61a02 -> 
  custom:video-encoder-webm-vp8: eb34c28f22e8b96e1ab97ce403110664 -> 
  custom:audio-encoder-webm-vorbis: bf7c407c2cedff20999df2af8eb42d56 -> 
  custom:framework-win-MediaFoundation: 216162199b28c13a410421893ffa2e32 -> 
  custom:container-demuxer-ogg: 62fdf1f143b41e24485cea50d1cbac27 -> 
  custom:video-decoder-webm-vp8: 9c59270c3fd7afecdb556c50c9e8de78 -> 
  custom:audio-decoder-ogg-vorbis: bf7c407c2cedff20999df2af8eb42d56 -> 
========================================================================
Received Import Request.
  Time since last request: 8523.855160 seconds.
  path: Assets/Scenes/B1.unity
  artifactKey: Guid(09d7c6dbfbc8b244891790646e885260) Importer(815301076,1909f56bfc062723c751e8b465ee728b)
Start importing Assets/Scenes/B1.unity using Guid(09d7c6dbfbc8b244891790646e885260) Importer(815301076,1909f56bfc062723c751e8b465ee728b)  -> (artifact id: '6b77b495a0218543b15fedb6f7a128ff') in 0.021566 seconds 
========================================================================
Received Import Request.
  Time since last request: 22.757007 seconds.
  path: Assets/Scenes/mapOutside.unity
  artifactKey: Guid(09d7c6dbfbc8b244891790646e885260) Importer(815301076,1909f56bfc062723c751e8b465ee728b)
Start importing Assets/Scenes/mapOutside.unity using Guid(09d7c6dbfbc8b244891790646e885260) Importer(815301076,1909f56bfc062723c751e8b465ee728b)  -> (artifact id: '0ed77576160589fc7f22f1eb45dee328') in 0.009299 seconds 
========================================================================
Received Import Request.
  Time since last request: 674.968533 seconds.
  path: Assets/Materials/YardMaterial.mat
  artifactKey: Guid(32f2c03ea4896d44aa65f21b1a0c419c) Importer(815301076,1909f56bfc062723c751e8b465ee728b)
Start importing Assets/Materials/YardMaterial.mat using Guid(32f2c03ea4896d44aa65f21b1a0c419c) Importer(815301076,1909f56bfc062723c751e8b465ee728b)  -> (artifact id: '1581604a7153040a52892a97fa6757e3') in 0.134453 seconds 
========================================================================
Received Import Request.
  Time since last request: 774.250893 seconds.
  path: Assets/Materials/YardMaterial.mat
  artifactKey: Guid(32f2c03ea4896d44aa65f21b1a0c419c) Importer(815301076,1909f56bfc062723c751e8b465ee728b)
Start importing Assets/Materials/YardMaterial.mat using Guid(32f2c03ea4896d44aa65f21b1a0c419c) Importer(815301076,1909f56bfc062723c751e8b465ee728b)  -> (artifact id: '54c8a2ab71cd7964f4f8abf30889d97e') in 0.026597 seconds 
